SLF4J: Failed to load class "org.slf4j.impl.StaticLoggerBinder".
SLF4J: Defaulting to no-operation (NOP) logger implementation
SLF4J: See http://www.slf4j.org/codes.html#StaticLoggerBinder for further details.
2021-04-07 14:36:22.689/1.710 Oracle Coherence 12.2.1.4.0 <Info> (thread=main, member=n/a): Loaded operational configuration from "jar:file:/C:/Oracle/Middleware/Oracle_Home/coherence/lib/coherence.jar!/tangosol-coherence.xml"
2021-04-07 14:36:22.718/1.739 Oracle Coherence 12.2.1.4.0 <Info> (thread=main, member=n/a): Loaded operational overrides from "jar:file:/C:/Oracle/Middleware/Oracle_Home/coherence/lib/coherence.jar!/tangosol-coherence-override-dev.xml"
2021-04-07 14:36:22.719/1.740 Oracle Coherence 12.2.1.4.0 <Info> (thread=main, member=n/a): Optional configuration override "/tangosol-coherence-override.xml" is not specified
2021-04-07 14:36:22.722/1.742 Oracle Coherence 12.2.1.4.0 <Info> (thread=main, member=n/a): Optional configuration override "cache-factory-config.xml" is not specified
2021-04-07 14:36:22.722/1.743 Oracle Coherence 12.2.1.4.0 <Info> (thread=main, member=n/a): Optional configuration override "cache-factory-builder-config.xml" is not specified
2021-04-07 14:36:22.723/1.744 Oracle Coherence 12.2.1.4.0 <Info> (thread=main, member=n/a): Optional configuration override "/custom-mbeans.xml" is not specified

Oracle Coherence Version 12.2.1.4.0 Build 74888
 Grid Edition: Development mode
Copyright (c) 2000, 2019, Oracle and/or its affiliates. All rights reserved.

2021-04-07 14:36:23.302/2.323 Oracle Coherence GE 12.2.1.4.0 <Info> (thread=main, member=n/a): The cluster name has not been configured, a value of "jonab's cluster" has been automatically generated
2021-04-07 14:36:23.635/2.656 Oracle Coherence GE 12.2.1.4.0 <Info> (thread=main, member=n/a): Created cache factory com.tangosol.net.ExtensibleConfigurableCacheFactory
abr 07, 2021 2:36:24 PM oracle.soa.scac.ValidateComposite loadWSDLs
ADVERTENCIA: Validating WSDLs from WSDLManager....  with option UseSoaInfraMds:false
abr 07, 2021 2:36:24 PM oracle.fabric.common.wsdl.SchemaManager isIncrementalBuildSupported
INFORMACIÓN: XMLSchema incremental build enabled.
Java HotSpot(TM) 64-Bit Server VM warning: ignoring option PermSize=32m; support was removed in 8.0
Java HotSpot(TM) 64-Bit Server VM warning: ignoring option MaxPermSize=256m; support was removed in 8.0
