SLF4J: Failed to load class "org.slf4j.impl.StaticLoggerBinder".
SLF4J: Defaulting to no-operation (NOP) logger implementation
SLF4J: See http://www.slf4j.org/codes.html#StaticLoggerBinder for further details.
2021-03-29 22:07:25.504/2.498 Oracle Coherence 12.2.1.4.0 <Info> (thread=main, member=n/a): Loaded operational configuration from "jar:file:/C:/Oracle/Middleware/Oracle_Home/coherence/lib/coherence.jar!/tangosol-coherence.xml"
2021-03-29 22:07:25.536/2.530 Oracle Coherence 12.2.1.4.0 <Info> (thread=main, member=n/a): Loaded operational overrides from "jar:file:/C:/Oracle/Middleware/Oracle_Home/coherence/lib/coherence.jar!/tangosol-coherence-override-dev.xml"
2021-03-29 22:07:25.538/2.533 Oracle Coherence 12.2.1.4.0 <Info> (thread=main, member=n/a): Optional configuration override "/tangosol-coherence-override.xml" is not specified
2021-03-29 22:07:25.541/2.536 Oracle Coherence 12.2.1.4.0 <Info> (thread=main, member=n/a): Optional configuration override "cache-factory-config.xml" is not specified
2021-03-29 22:07:25.543/2.537 Oracle Coherence 12.2.1.4.0 <Info> (thread=main, member=n/a): Optional configuration override "cache-factory-builder-config.xml" is not specified
2021-03-29 22:07:25.544/2.538 Oracle Coherence 12.2.1.4.0 <Info> (thread=main, member=n/a): Optional configuration override "/custom-mbeans.xml" is not specified

Oracle Coherence Version 12.2.1.4.0 Build 74888
 Grid Edition: Development mode
Copyright (c) 2000, 2019, Oracle and/or its affiliates. All rights reserved.

2021-03-29 22:07:26.468/3.463 Oracle Coherence GE 12.2.1.4.0 <Info> (thread=main, member=n/a): The cluster name has not been configured, a value of "jonab's cluster" has been automatically generated
2021-03-29 22:07:27.267/4.261 Oracle Coherence GE 12.2.1.4.0 <Info> (thread=main, member=n/a): Created cache factory com.tangosol.net.ExtensibleConfigurableCacheFactory
mar 29, 2021 10:07:27 PM oracle.soa.scac.ValidateComposite loadWSDLs
ADVERTENCIA: Validating WSDLs from WSDLManager....  with option UseSoaInfraMds:false
mar 29, 2021 10:07:27 PM oracle.fabric.common.wsdl.SchemaManager isIncrementalBuildSupported
INFORMACIÓN: XMLSchema incremental build enabled.
ADVERTENCIA: Failed to load WSDL from http://www.banguat.gob.gt/variables/ws/TipoCambio.asmx?WSDL due to: Error al obtener el flujo de entrada XML: http://www.banguat.gob.gt/variables/ws/TipoCambio.asmx?WSDL: Connection timed out: connectWill retry to load
GRAVE:  failed to parse wsdl from http://www.banguat.gob.gt/variables/ws/TipoCambio.asmx?WSDL : 

ADVERTENCIA: Failed to load WSDL from http://www.banguat.gob.gt/variables/ws/TipoCambio.asmx?WSDL due to: Error al obtener el flujo de entrada XML: http://www.banguat.gob.gt/variables/ws/TipoCambio.asmx?WSDL: Connection timed out: connectWill retry to load
GRAVE:  failed to parse wsdl from http://www.banguat.gob.gt/variables/ws/TipoCambio.asmx?WSDL : 

Java HotSpot(TM) 64-Bit Server VM warning: ignoring option PermSize=32m; support was removed in 8.0
Java HotSpot(TM) 64-Bit Server VM warning: ignoring option MaxPermSize=256m; support was removed in 8.0
