2021-03-22 11:44:50.425/1.350 Oracle Coherence 12.2.1.3.0 <Info> (thread=main, member=n/a): Loaded operational configuration from "jar:file:/C:/Oracle/JDev122130/coherence/lib/coherence.jar!/tangosol-coherence.xml"
2021-03-22 11:44:50.449/1.373 Oracle Coherence 12.2.1.3.0 <Info> (thread=main, member=n/a): Loaded operational overrides from "jar:file:/C:/Oracle/JDev122130/coherence/lib/coherence.jar!/tangosol-coherence-override-dev.xml"
2021-03-22 11:44:50.452/1.376 Oracle Coherence 12.2.1.3.0 <D5> (thread=main, member=n/a): Optional configuration override "/tangosol-coherence-override.xml" is not specified
2021-03-22 11:44:50.455/1.379 Oracle Coherence 12.2.1.3.0 <D5> (thread=main, member=n/a): Optional configuration override "cache-factory-config.xml" is not specified
2021-03-22 11:44:50.456/1.380 Oracle Coherence 12.2.1.3.0 <D5> (thread=main, member=n/a): Optional configuration override "cache-factory-builder-config.xml" is not specified
2021-03-22 11:44:50.457/1.381 Oracle Coherence 12.2.1.3.0 <D5> (thread=main, member=n/a): Optional configuration override "/custom-mbeans.xml" is not specified

Oracle Coherence Version 12.2.1.3.0 Build 68243
 Grid Edition: Development mode
Copyright (c) 2000, 2017, Oracle and/or its affiliates. All rights reserved.

2021-03-22 11:44:51.016/1.940 Oracle Coherence GE 12.2.1.3.0 <Info> (thread=main, member=n/a): Created cache factory com.tangosol.net.ExtensibleConfigurableCacheFactory
2021-03-22 11:44:51.105/2.030 Oracle Coherence GE 12.2.1.3.0 <Info> (thread=main, member=n/a): The cluster name has not been configured, a value of "jonab's cluster" has been automatically generated
mar 22, 2021 11:44:52 AM oracle.soa.scac.ValidateComposite loadWSDLs
ADVERTENCIA: Validating WSDLs from WSDLManager....  with option UseSoaInfraMds:false
mar 22, 2021 11:44:53 AM oracle.fabric.common.wsdl.SchemaManager isIncrementalBuildSupported
INFORMACIÓN: XMLSchema incremental build enabled.
mar 22, 2021 11:44:55 AM com.collaxa.cube.CubeLogger info
INFORMACIÓN: validando "BPEL/approveLargeOrder.bpel" ...
mar 22, 2021 11:44:56 AM oracle.fabric.common.wsdl.SchemaManager buildXDKSchema
INFORMACIÓN: Namespace specified for the lookup belongs to a default namespace URI: http://www.w3.org/2001/XMLSchema. Will not attempt to build the schema model for it...
mar 22, 2021 11:44:56 AM oracle.fabric.common.wsdl.SchemaManager buildXDKSchema
INFORMACIÓN: Namespace specified for the lookup belongs to a default namespace URI: http://www.w3.org/2001/XMLSchema. Will not attempt to build the schema model for it...
mar 22, 2021 11:44:56 AM oracle.fabric.common.wsdl.SchemaManager buildXDKSchema
INFORMACIÓN: Namespace specified for the lookup belongs to a default namespace URI: http://www.w3.org/2001/XMLSchema. Will not attempt to build the schema model for it...
mar 22, 2021 11:44:56 AM com.collaxa.cube.CubeLogger info
INFORMACIÓN: Composed "approveLargeOrder" in 67.1 milliseconds [nodes 55=2+53, 819.3 nodes/sec]
mar 22, 2021 11:44:57 AM com.collaxa.cube.CubeLogger info
INFORMACIÓN: Compiled "approveLargeOrder" in 1.105 seconds
mar 22, 2021 11:44:57 AM com.collaxa.cube.CubeLogger info
INFORMACIÓN: Gathered 8 files in 1.1 milliseconds
mar 22, 2021 11:44:57 AM com.collaxa.cube.CubeLogger info
INFORMACIÓN: Packaged "approveLargeOrder" in 169.9 milliseconds
mar 22, 2021 11:44:57 AM com.collaxa.cube.CubeLogger info
INFORMACIÓN: validando "BPEL/FulfillmentProcess.bpel" ...
mar 22, 2021 11:44:57 AM com.collaxa.cube.CubeLogger info
INFORMACIÓN: Composed "FulfillmentProcess" in 15.7 milliseconds [nodes 25=1+24, 1,596.4 nodes/sec]
mar 22, 2021 11:44:58 AM com.collaxa.cube.CubeLogger info
INFORMACIÓN: Compiled "FulfillmentProcess" in 384.8 milliseconds
mar 22, 2021 11:44:58 AM com.collaxa.cube.CubeLogger info
INFORMACIÓN: Gathered 6 files in 1.1 milliseconds
mar 22, 2021 11:44:58 AM com.collaxa.cube.CubeLogger info
INFORMACIÓN: Packaged "FulfillmentProcess" in 45.7 milliseconds
Fallo de validación de esquema con la excepción "null"
oracle.xml.parser.schema.XSDException
	at oracle.xml.parser.schema.XSDBuilder.buildSchema(XSDBuilder.java:1141)
	at oracle.xml.parser.schema.XSDBuilder.build(XSDBuilder.java:634)
	at oracle.soa.scac.ValidationFaultUtil.validateSourceWithSchema(ValidationFaultUtil.java:182)
	at oracle.soa.scac.ValidationFaultUtil.validateWithSchema(ValidationFaultUtil.java:241)
	at oracle.soa.scac.ValidationFaultUtil.validateWithSchema(ValidationFaultUtil.java:225)
	at oracle.soa.scac.ValidateComposite.validateFaultPolicy(ValidateComposite.java:1413)
	at oracle.soa.scac.ValidateComposite.doValidation0(ValidateComposite.java:613)
	at oracle.soa.scac.ValidateComposite.doValidation(ValidateComposite.java:586)
	at oracle.soa.scac.ValidateComposite.run0(ValidateComposite.java:234)
	at oracle.soa.scac.ValidateComposite.run(ValidateComposite.java:215)
	at oracle.soa.scac.ValidateComposite.main(ValidateComposite.java:207)
Java HotSpot(TM) 64-Bit Server VM warning: ignoring option PermSize=32m; support was removed in 8.0
Java HotSpot(TM) 64-Bit Server VM warning: ignoring option MaxPermSize=256m; support was removed in 8.0
